<?xml version="1.0" encoding="UTF-8"?>
<testng-results ignored="0" total="4" passed="4" failed="0" skipped="0">
  <reporter-output>
  </reporter-output>
  <suite started-at="2023-02-23T16:46:43 IST" name="Suite" finished-at="2023-02-23T16:47:25 IST" duration-ms="42644">
    <groups>
    </groups>
    <test started-at="2023-02-23T16:46:43 IST" name="Test1" finished-at="2023-02-23T16:47:07 IST" duration-ms="24482">
      <class name="SeleniumTest.Parallel">
        <test-method signature="setDown()[pri:0, instance:SeleniumTest.Parallel@6f8f9349]" started-at="2023-02-23T16:46:43 IST" name="setDown" finished-at="2023-02-23T16:47:00 IST" duration-ms="17517" status="PASS">
          <reporter-output>
          </reporter-output>
        </test-method> <!-- setDown -->
        <test-method signature="setUp()[pri:0, instance:SeleniumTest.Parallel@6f8f9349]" started-at="2023-02-23T16:47:00 IST" name="setUp" finished-at="2023-02-23T16:47:07 IST" duration-ms="6853" status="PASS">
          <reporter-output>
          </reporter-output>
        </test-method> <!-- setUp -->
      </class> <!-- SeleniumTest.Parallel -->
    </test> <!-- Test1 -->
    <test started-at="2023-02-23T16:47:07 IST" name="Test2" finished-at="2023-02-23T16:47:25 IST" duration-ms="18137">
      <class name="SeleniumTest.Parallel">
        <test-method signature="setDown()[pri:0, instance:SeleniumTest.Parallel@2cb3d0f7]" started-at="2023-02-23T16:47:07 IST" name="setDown" finished-at="2023-02-23T16:47:19 IST" duration-ms="12254" status="PASS">
          <reporter-output>
          </reporter-output>
        </test-method> <!-- setDown -->
        <test-method signature="setUp()[pri:0, instance:SeleniumTest.Parallel@2cb3d0f7]" started-at="2023-02-23T16:47:19 IST" name="setUp" finished-at="2023-02-23T16:47:25 IST" duration-ms="5881" status="PASS">
          <reporter-output>
          </reporter-output>
        </test-method> <!-- setUp -->
      </class> <!-- SeleniumTest.Parallel -->
    </test> <!-- Test2 -->
  </suite> <!-- Suite -->
</testng-results>
